<?xml version="1.0" encoding="UTF-8"?>
<testng-results skipped="0" failed="0" total="2" passed="2">
  <reporter-output>
  </reporter-output>
  <suite name="Default suite" duration-ms="66365" started-at="2020-07-22T02:07:53Z" finished-at="2020-07-22T02:08:59Z">
    <groups>
    </groups>
    <test name="Default test" duration-ms="66365" started-at="2020-07-22T02:07:53Z" finished-at="2020-07-22T02:08:59Z">
      <class name="com.qa.verizon.tests.SmartPhonePageTest">
        <test-method status="PASS" signature="setUp()[pri:0, instance:com.qa.verizon.tests.SmartPhonePageTest@11531931]" name="setUp" is-config="true" duration-ms="49922" started-at="2020-07-21T22:07:53Z" finished-at="2020-07-21T22:08:43Z">
          <reporter-output>
          </reporter-output>
        </test-method> <!-- setUp -->
        <test-method status="PASS" signature="verifyPageTitleTest()[pri:1, instance:com.qa.verizon.tests.SmartPhonePageTest@11531931]" name="verifyPageTitleTest" duration-ms="5051" started-at="2020-07-21T22:08:43Z" finished-at="2020-07-21T22:08:48Z">
          <reporter-output>
          </reporter-output>
        </test-method> <!-- verifyPageTitleTest -->
        <test-method status="PASS" signature="tearDown()[pri:0, instance:com.qa.verizon.tests.SmartPhonePageTest@11531931]" name="tearDown" is-config="true" duration-ms="131" started-at="2020-07-21T22:08:48Z" finished-at="2020-07-21T22:08:48Z">
          <reporter-output>
          </reporter-output>
        </test-method> <!-- tearDown -->
        <test-method status="PASS" signature="setUp()[pri:0, instance:com.qa.verizon.tests.SmartPhonePageTest@11531931]" name="setUp" is-config="true" duration-ms="4609" started-at="2020-07-21T22:08:48Z" finished-at="2020-07-21T22:08:53Z">
          <reporter-output>
          </reporter-output>
        </test-method> <!-- setUp -->
        <test-method status="PASS" signature="VerfiyPhone()[pri:2, instance:com.qa.verizon.tests.SmartPhonePageTest@11531931]" name="VerfiyPhone" duration-ms="6494" started-at="2020-07-21T22:08:53Z" finished-at="2020-07-21T22:08:59Z">
          <reporter-output>
          </reporter-output>
        </test-method> <!-- VerfiyPhone -->
        <test-method status="PASS" signature="tearDown()[pri:0, instance:com.qa.verizon.tests.SmartPhonePageTest@11531931]" name="tearDown" is-config="true" duration-ms="125" started-at="2020-07-21T22:08:59Z" finished-at="2020-07-21T22:08:59Z">
          <reporter-output>
          </reporter-output>
        </test-method> <!-- tearDown -->
      </class> <!-- com.qa.verizon.tests.SmartPhonePageTest -->
    </test> <!-- Default test -->
  </suite> <!-- Default suite -->
</testng-results>
